2016-04-28 19:17:52 [192.168.99.1][-][-][error][yii\web\HttpException:404] exception 'yii\base\InvalidRouteException' with message 'Unable to resolve the request "site/index".' in /home/worker/data/www/moviefinder/vendor/yiisoft/yii2/base/Module.php:460
Stack trace:
#0 /home/worker/data/www/moviefinder/vendor/yiisoft/yii2/web/Application.php(84): yii\base\Module->runAction('site/index', Array)
#1 /home/worker/data/www/moviefinder/vendor/yiisoft/yii2/base/Application.php(375): yii\web\Application->handleRequest(Object(yii\web\Request))
#2 /home/worker/data/www/moviefinder/public/index.php(15): yii\base\Application->run()
#3 {main}

Next exception 'yii\web\NotFoundHttpException' with message 'Page not found.' in /home/worker/data/www/moviefinder/vendor/yiisoft/yii2/web/Application.php:96
Stack trace:
#0 /home/worker/data/www/moviefinder/vendor/yiisoft/yii2/base/Application.php(375): yii\web\Application->handleRequest(Object(yii\web\Request))
#1 /home/worker/data/www/moviefinder/public/index.php(15): yii\base\Application->run()
#2 {main}
2016-04-28 19:17:52 [192.168.99.1][-][-][info][application] $_COOKIE = [
    '_csrf' => '5d8be5f809bd5f04392f809a7809ebca8cf8510e48f3be7cb562953a9754dae4a:2:{i:0;s:5:\"_csrf\";i:1;s:32:\"67aNm9DFihrW8szW3BxKGUIHydE1MynB\";}'
]

$_SERVER = [
    'environ' => 'newdev'
    'USER' => 'worker'
    'HOME' => '/home/worker'
    'FCGI_ROLE' => 'RESPONDER'
    'SCRIPT_FILENAME' => '/home/worker/data/www/moviefinder/public/index.php'
    'QUERY_STRING' => ''
    'REQUEST_METHOD' => 'GET'
    'CONTENT_TYPE' => ''
    'CONTENT_LENGTH' => ''
    'SCRIPT_NAME' => '/index.php'
    'REQUEST_URI' => '/site/index'
    'DOCUMENT_URI' => '/index.php'
    'DOCUMENT_ROOT' => '/home/worker/data/www/moviefinder/public'
    'SERVER_PROTOCOL' => 'HTTP/1.1'
    'GATEWAY_INTERFACE' => 'CGI/1.1'
    'SERVER_SOFTWARE' => 'nginx/1.4.2'
    'REMOTE_ADDR' => '192.168.99.1'
    'REMOTE_PORT' => '59713'
    'SERVER_ADDR' => '172.17.0.2'
    'SERVER_PORT' => '80'
    'SERVER_NAME' => 'moviefinder.cc'
    'REDIRECT_STATUS' => '200'
    'LOG_ID' => 'ac135721f15f078c5e01'
    'APPLICATION_ENV' => 'development'
    'HTTP_HOST' => 'dev.moviefinder.cc'
    'HTTP_CONNECTION' => 'keep-alive'
    'HTTP_CACHE_CONTROL' => 'max-age=0'
    'HTTP_ACCEPT' => 'text/html,application/xhtml+xml,application/xml;q=0.9,image/webp,*/*;q=0.8'
    'HTTP_UPGRADE_INSECURE_REQUESTS' => '1'
    'HTTP_USER_AGENT' => 'Mozilla/5.0 (Macintosh; Intel Mac OS X 10_11_3) AppleWebKit/537.36 (KHTML, like Gecko) Chrome/47.0.2526.106 Safari/537.36'
    'HTTP_ACCEPT_ENCODING' => 'gzip, deflate, sdch'
    'HTTP_ACCEPT_LANGUAGE' => 'zh-CN,zh;q=0.8,en;q=0.6'
    'HTTP_COOKIE' => '_csrf=5d8be5f809bd5f04392f809a7809ebca8cf8510e48f3be7cb562953a9754dae4a%3A2%3A%7Bi%3A0%3Bs%3A5%3A%22_csrf%22%3Bi%3A1%3Bs%3A32%3A%2267aNm9DFihrW8szW3BxKGUIHydE1MynB%22%3B%7D'
    'PHP_SELF' => '/index.php'
    'REQUEST_TIME_FLOAT' => 1461842272.0343
    'REQUEST_TIME' => 1461842272
]
2016-04-28 19:18:02 [192.168.99.1][-][-][error][yii\web\HttpException:404] exception 'yii\base\InvalidRouteException' with message 'Unable to resolve the request "".' in /home/worker/data/www/moviefinder/vendor/yiisoft/yii2/base/Module.php:460
Stack trace:
#0 /home/worker/data/www/moviefinder/vendor/yiisoft/yii2/web/Application.php(84): yii\base\Module->runAction('', Array)
#1 /home/worker/data/www/moviefinder/vendor/yiisoft/yii2/base/Application.php(375): yii\web\Application->handleRequest(Object(yii\web\Request))
#2 /home/worker/data/www/moviefinder/public/index.php(15): yii\base\Application->run()
#3 {main}

Next exception 'yii\web\NotFoundHttpException' with message 'Page not found.' in /home/worker/data/www/moviefinder/vendor/yiisoft/yii2/web/Application.php:96
Stack trace:
#0 /home/worker/data/www/moviefinder/vendor/yiisoft/yii2/base/Application.php(375): yii\web\Application->handleRequest(Object(yii\web\Request))
#1 /home/worker/data/www/moviefinder/public/index.php(15): yii\base\Application->run()
#2 {main}
2016-04-28 19:18:02 [192.168.99.1][-][-][info][application] $_COOKIE = [
    '_csrf' => '5d8be5f809bd5f04392f809a7809ebca8cf8510e48f3be7cb562953a9754dae4a:2:{i:0;s:5:\"_csrf\";i:1;s:32:\"67aNm9DFihrW8szW3BxKGUIHydE1MynB\";}'
]

$_SERVER = [
    'environ' => 'newdev'
    'USER' => 'worker'
    'HOME' => '/home/worker'
    'FCGI_ROLE' => 'RESPONDER'
    'SCRIPT_FILENAME' => '/home/worker/data/www/moviefinder/public/index.php'
    'QUERY_STRING' => ''
    'REQUEST_METHOD' => 'GET'
    'CONTENT_TYPE' => ''
    'CONTENT_LENGTH' => ''
    'SCRIPT_NAME' => '/index.php'
    'REQUEST_URI' => '/'
    'DOCUMENT_URI' => '/index.php'
    'DOCUMENT_ROOT' => '/home/worker/data/www/moviefinder/public'
    'SERVER_PROTOCOL' => 'HTTP/1.1'
    'GATEWAY_INTERFACE' => 'CGI/1.1'
    'SERVER_SOFTWARE' => 'nginx/1.4.2'
    'REMOTE_ADDR' => '192.168.99.1'
    'REMOTE_PORT' => '59727'
    'SERVER_ADDR' => '172.17.0.2'
    'SERVER_PORT' => '80'
    'SERVER_NAME' => 'moviefinder.cc'
    'REDIRECT_STATUS' => '200'
    'LOG_ID' => 'ac135721f16a078c5e02'
    'APPLICATION_ENV' => 'development'
    'HTTP_HOST' => 'dev.moviefinder.cc'
    'HTTP_CONNECTION' => 'keep-alive'
    'HTTP_ACCEPT' => 'text/html,application/xhtml+xml,application/xml;q=0.9,image/webp,*/*;q=0.8'
    'HTTP_UPGRADE_INSECURE_REQUESTS' => '1'
    'HTTP_USER_AGENT' => 'Mozilla/5.0 (Macintosh; Intel Mac OS X 10_11_3) AppleWebKit/537.36 (KHTML, like Gecko) Chrome/47.0.2526.106 Safari/537.36'
    'HTTP_ACCEPT_ENCODING' => 'gzip, deflate, sdch'
    'HTTP_ACCEPT_LANGUAGE' => 'zh-CN,zh;q=0.8,en;q=0.6'
    'HTTP_COOKIE' => '_csrf=5d8be5f809bd5f04392f809a7809ebca8cf8510e48f3be7cb562953a9754dae4a%3A2%3A%7Bi%3A0%3Bs%3A5%3A%22_csrf%22%3Bi%3A1%3Bs%3A32%3A%2267aNm9DFihrW8szW3BxKGUIHydE1MynB%22%3B%7D'
    'PHP_SELF' => '/index.php'
    'REQUEST_TIME_FLOAT' => 1461842282.3824
    'REQUEST_TIME' => 1461842282
]
2016-04-28 19:18:04 [192.168.99.1][-][-][error][yii\web\HttpException:404] exception 'yii\base\InvalidRouteException' with message 'Unable to resolve the request "".' in /home/worker/data/www/moviefinder/vendor/yiisoft/yii2/base/Module.php:460
Stack trace:
#0 /home/worker/data/www/moviefinder/vendor/yiisoft/yii2/web/Application.php(84): yii\base\Module->runAction('', Array)
#1 /home/worker/data/www/moviefinder/vendor/yiisoft/yii2/base/Application.php(375): yii\web\Application->handleRequest(Object(yii\web\Request))
#2 /home/worker/data/www/moviefinder/public/index.php(15): yii\base\Application->run()
#3 {main}

Next exception 'yii\web\NotFoundHttpException' with message 'Page not found.' in /home/worker/data/www/moviefinder/vendor/yiisoft/yii2/web/Application.php:96
Stack trace:
#0 /home/worker/data/www/moviefinder/vendor/yiisoft/yii2/base/Application.php(375): yii\web\Application->handleRequest(Object(yii\web\Request))
#1 /home/worker/data/www/moviefinder/public/index.php(15): yii\base\Application->run()
#2 {main}
2016-04-28 19:18:04 [192.168.99.1][-][-][info][application] $_COOKIE = [
    '_csrf' => '5d8be5f809bd5f04392f809a7809ebca8cf8510e48f3be7cb562953a9754dae4a:2:{i:0;s:5:\"_csrf\";i:1;s:32:\"67aNm9DFihrW8szW3BxKGUIHydE1MynB\";}'
]

$_SERVER = [
    'environ' => 'newdev'
    'USER' => 'worker'
    'HOME' => '/home/worker'
    'FCGI_ROLE' => 'RESPONDER'
    'SCRIPT_FILENAME' => '/home/worker/data/www/moviefinder/public/index.php'
    'QUERY_STRING' => ''
    'REQUEST_METHOD' => 'GET'
    'CONTENT_TYPE' => ''
    'CONTENT_LENGTH' => ''
    'SCRIPT_NAME' => '/index.php'
    'REQUEST_URI' => '/'
    'DOCUMENT_URI' => '/index.php'
    'DOCUMENT_ROOT' => '/home/worker/data/www/moviefinder/public'
    'SERVER_PROTOCOL' => 'HTTP/1.1'
    'GATEWAY_INTERFACE' => 'CGI/1.1'
    'SERVER_SOFTWARE' => 'nginx/1.4.2'
    'REMOTE_ADDR' => '192.168.99.1'
    'REMOTE_PORT' => '59728'
    'SERVER_ADDR' => '172.17.0.2'
    'SERVER_PORT' => '80'
    'SERVER_NAME' => 'moviefinder.cc'
    'REDIRECT_STATUS' => '200'
    'LOG_ID' => 'ac135721f16c078c5e03'
    'APPLICATION_ENV' => 'development'
    'HTTP_HOST' => 'dev.moviefinder.cc'
    'HTTP_CONNECTION' => 'keep-alive'
    'HTTP_CACHE_CONTROL' => 'max-age=0'
    'HTTP_ACCEPT' => 'text/html,application/xhtml+xml,application/xml;q=0.9,image/webp,*/*;q=0.8'
    'HTTP_UPGRADE_INSECURE_REQUESTS' => '1'
    'HTTP_USER_AGENT' => 'Mozilla/5.0 (Macintosh; Intel Mac OS X 10_11_3) AppleWebKit/537.36 (KHTML, like Gecko) Chrome/47.0.2526.106 Safari/537.36'
    'HTTP_ACCEPT_ENCODING' => 'gzip, deflate, sdch'
    'HTTP_ACCEPT_LANGUAGE' => 'zh-CN,zh;q=0.8,en;q=0.6'
    'HTTP_COOKIE' => '_csrf=5d8be5f809bd5f04392f809a7809ebca8cf8510e48f3be7cb562953a9754dae4a%3A2%3A%7Bi%3A0%3Bs%3A5%3A%22_csrf%22%3Bi%3A1%3Bs%3A32%3A%2267aNm9DFihrW8szW3BxKGUIHydE1MynB%22%3B%7D'
    'PHP_SELF' => '/index.php'
    'REQUEST_TIME_FLOAT' => 1461842284.0786
    'REQUEST_TIME' => 1461842284
]
2016-04-28 19:18:34 [192.168.99.1][-][-][error][yii\web\HttpException:404] exception 'yii\base\InvalidRouteException' with message 'Unable to resolve the request "".' in /home/worker/data/www/moviefinder/vendor/yiisoft/yii2/base/Module.php:460
Stack trace:
#0 /home/worker/data/www/moviefinder/vendor/yiisoft/yii2/web/Application.php(84): yii\base\Module->runAction('', Array)
#1 /home/worker/data/www/moviefinder/vendor/yiisoft/yii2/base/Application.php(375): yii\web\Application->handleRequest(Object(yii\web\Request))
#2 /home/worker/data/www/moviefinder/public/index.php(15): yii\base\Application->run()
#3 {main}

Next exception 'yii\web\NotFoundHttpException' with message 'Page not found.' in /home/worker/data/www/moviefinder/vendor/yiisoft/yii2/web/Application.php:96
Stack trace:
#0 /home/worker/data/www/moviefinder/vendor/yiisoft/yii2/base/Application.php(375): yii\web\Application->handleRequest(Object(yii\web\Request))
#1 /home/worker/data/www/moviefinder/public/index.php(15): yii\base\Application->run()
#2 {main}
2016-04-28 19:18:34 [192.168.99.1][-][-][info][application] $_COOKIE = [
    '_csrf' => '5d8be5f809bd5f04392f809a7809ebca8cf8510e48f3be7cb562953a9754dae4a:2:{i:0;s:5:\"_csrf\";i:1;s:32:\"67aNm9DFihrW8szW3BxKGUIHydE1MynB\";}'
]

$_SERVER = [
    'environ' => 'newdev'
    'USER' => 'worker'
    'HOME' => '/home/worker'
    'FCGI_ROLE' => 'RESPONDER'
    'SCRIPT_FILENAME' => '/home/worker/data/www/moviefinder/public/index.php'
    'QUERY_STRING' => ''
    'REQUEST_METHOD' => 'GET'
    'CONTENT_TYPE' => ''
    'CONTENT_LENGTH' => ''
    'SCRIPT_NAME' => '/index.php'
    'REQUEST_URI' => '/'
    'DOCUMENT_URI' => '/index.php'
    'DOCUMENT_ROOT' => '/home/worker/data/www/moviefinder/public'
    'SERVER_PROTOCOL' => 'HTTP/1.1'
    'GATEWAY_INTERFACE' => 'CGI/1.1'
    'SERVER_SOFTWARE' => 'nginx/1.4.2'
    'REMOTE_ADDR' => '192.168.99.1'
    'REMOTE_PORT' => '59750'
    'SERVER_ADDR' => '172.17.0.2'
    'SERVER_PORT' => '80'
    'SERVER_NAME' => 'moviefinder.cc'
    'REDIRECT_STATUS' => '200'
    'LOG_ID' => 'ac135721f18a078c5e04'
    'APPLICATION_ENV' => 'development'
    'HTTP_HOST' => 'dev.moviefinder.cc'
    'HTTP_CONNECTION' => 'keep-alive'
    'HTTP_CACHE_CONTROL' => 'max-age=0'
    'HTTP_ACCEPT' => 'text/html,application/xhtml+xml,application/xml;q=0.9,image/webp,*/*;q=0.8'
    'HTTP_UPGRADE_INSECURE_REQUESTS' => '1'
    'HTTP_USER_AGENT' => 'Mozilla/5.0 (Macintosh; Intel Mac OS X 10_11_3) AppleWebKit/537.36 (KHTML, like Gecko) Chrome/47.0.2526.106 Safari/537.36'
    'HTTP_ACCEPT_ENCODING' => 'gzip, deflate, sdch'
    'HTTP_ACCEPT_LANGUAGE' => 'zh-CN,zh;q=0.8,en;q=0.6'
    'HTTP_COOKIE' => '_csrf=5d8be5f809bd5f04392f809a7809ebca8cf8510e48f3be7cb562953a9754dae4a%3A2%3A%7Bi%3A0%3Bs%3A5%3A%22_csrf%22%3Bi%3A1%3Bs%3A32%3A%2267aNm9DFihrW8szW3BxKGUIHydE1MynB%22%3B%7D'
    'PHP_SELF' => '/index.php'
    'REQUEST_TIME_FLOAT' => 1461842314.9446
    'REQUEST_TIME' => 1461842314
]
2016-04-28 19:18:37 [192.168.99.1][-][-][error][yii\web\HttpException:404] exception 'yii\base\InvalidRouteException' with message 'Unable to resolve the request "".' in /home/worker/data/www/moviefinder/vendor/yiisoft/yii2/base/Module.php:460
Stack trace:
#0 /home/worker/data/www/moviefinder/vendor/yiisoft/yii2/web/Application.php(84): yii\base\Module->runAction('', Array)
#1 /home/worker/data/www/moviefinder/vendor/yiisoft/yii2/base/Application.php(375): yii\web\Application->handleRequest(Object(yii\web\Request))
#2 /home/worker/data/www/moviefinder/public/index.php(15): yii\base\Application->run()
#3 {main}

Next exception 'yii\web\NotFoundHttpException' with message 'Page not found.' in /home/worker/data/www/moviefinder/vendor/yiisoft/yii2/web/Application.php:96
Stack trace:
#0 /home/worker/data/www/moviefinder/vendor/yiisoft/yii2/base/Application.php(375): yii\web\Application->handleRequest(Object(yii\web\Request))
#1 /home/worker/data/www/moviefinder/public/index.php(15): yii\base\Application->run()
#2 {main}
2016-04-28 19:18:37 [192.168.99.1][-][-][info][application] $_COOKIE = [
    '_csrf' => '5d8be5f809bd5f04392f809a7809ebca8cf8510e48f3be7cb562953a9754dae4a:2:{i:0;s:5:\"_csrf\";i:1;s:32:\"67aNm9DFihrW8szW3BxKGUIHydE1MynB\";}'
]

$_SERVER = [
    'environ' => 'newdev'
    'USER' => 'worker'
    'HOME' => '/home/worker'
    'FCGI_ROLE' => 'RESPONDER'
    'SCRIPT_FILENAME' => '/home/worker/data/www/moviefinder/public/index.php'
    'QUERY_STRING' => ''
    'REQUEST_METHOD' => 'GET'
    'CONTENT_TYPE' => ''
    'CONTENT_LENGTH' => ''
    'SCRIPT_NAME' => '/index.php'
    'REQUEST_URI' => '/'
    'DOCUMENT_URI' => '/index.php'
    'DOCUMENT_ROOT' => '/home/worker/data/www/moviefinder/public'
    'SERVER_PROTOCOL' => 'HTTP/1.1'
    'GATEWAY_INTERFACE' => 'CGI/1.1'
    'SERVER_SOFTWARE' => 'nginx/1.4.2'
    'REMOTE_ADDR' => '192.168.99.1'
    'REMOTE_PORT' => '59751'
    'SERVER_ADDR' => '172.17.0.2'
    'SERVER_PORT' => '80'
    'SERVER_NAME' => 'moviefinder.cc'
    'REDIRECT_STATUS' => '200'
    'LOG_ID' => 'ac135721f18d078c5e05'
    'APPLICATION_ENV' => 'development'
    'HTTP_HOST' => 'dev.moviefinder.cc'
    'HTTP_CONNECTION' => 'keep-alive'
    'HTTP_CACHE_CONTROL' => 'max-age=0'
    'HTTP_ACCEPT' => 'text/html,application/xhtml+xml,application/xml;q=0.9,image/webp,*/*;q=0.8'
    'HTTP_UPGRADE_INSECURE_REQUESTS' => '1'
    'HTTP_USER_AGENT' => 'Mozilla/5.0 (Macintosh; Intel Mac OS X 10_11_3) AppleWebKit/537.36 (KHTML, like Gecko) Chrome/47.0.2526.106 Safari/537.36'
    'HTTP_ACCEPT_ENCODING' => 'gzip, deflate, sdch'
    'HTTP_ACCEPT_LANGUAGE' => 'zh-CN,zh;q=0.8,en;q=0.6'
    'HTTP_COOKIE' => '_csrf=5d8be5f809bd5f04392f809a7809ebca8cf8510e48f3be7cb562953a9754dae4a%3A2%3A%7Bi%3A0%3Bs%3A5%3A%22_csrf%22%3Bi%3A1%3Bs%3A32%3A%2267aNm9DFihrW8szW3BxKGUIHydE1MynB%22%3B%7D'
    'PHP_SELF' => '/index.php'
    'REQUEST_TIME_FLOAT' => 1461842317.0863
    'REQUEST_TIME' => 1461842317
]
2016-04-28 19:18:38 [192.168.99.1][-][-][error][yii\web\HttpException:404] exception 'yii\base\InvalidRouteException' with message 'Unable to resolve the request "".' in /home/worker/data/www/moviefinder/vendor/yiisoft/yii2/base/Module.php:460
Stack trace:
#0 /home/worker/data/www/moviefinder/vendor/yiisoft/yii2/web/Application.php(84): yii\base\Module->runAction('', Array)
#1 /home/worker/data/www/moviefinder/vendor/yiisoft/yii2/base/Application.php(375): yii\web\Application->handleRequest(Object(yii\web\Request))
#2 /home/worker/data/www/moviefinder/public/index.php(15): yii\base\Application->run()
#3 {main}

Next exception 'yii\web\NotFoundHttpException' with message 'Page not found.' in /home/worker/data/www/moviefinder/vendor/yiisoft/yii2/web/Application.php:96
Stack trace:
#0 /home/worker/data/www/moviefinder/vendor/yiisoft/yii2/base/Application.php(375): yii\web\Application->handleRequest(Object(yii\web\Request))
#1 /home/worker/data/www/moviefinder/public/index.php(15): yii\base\Application->run()
#2 {main}
2016-04-28 19:18:38 [192.168.99.1][-][-][info][application] $_COOKIE = [
    '_csrf' => '5d8be5f809bd5f04392f809a7809ebca8cf8510e48f3be7cb562953a9754dae4a:2:{i:0;s:5:\"_csrf\";i:1;s:32:\"67aNm9DFihrW8szW3BxKGUIHydE1MynB\";}'
]

$_SERVER = [
    'environ' => 'newdev'
    'USER' => 'worker'
    'HOME' => '/home/worker'
    'FCGI_ROLE' => 'RESPONDER'
    'SCRIPT_FILENAME' => '/home/worker/data/www/moviefinder/public/index.php'
    'QUERY_STRING' => ''
    'REQUEST_METHOD' => 'GET'
    'CONTENT_TYPE' => ''
    'CONTENT_LENGTH' => ''
    'SCRIPT_NAME' => '/index.php'
    'REQUEST_URI' => '/'
    'DOCUMENT_URI' => '/index.php'
    'DOCUMENT_ROOT' => '/home/worker/data/www/moviefinder/public'
    'SERVER_PROTOCOL' => 'HTTP/1.1'
    'GATEWAY_INTERFACE' => 'CGI/1.1'
    'SERVER_SOFTWARE' => 'nginx/1.4.2'
    'REMOTE_ADDR' => '192.168.99.1'
    'REMOTE_PORT' => '59760'
    'SERVER_ADDR' => '172.17.0.2'
    'SERVER_PORT' => '80'
    'SERVER_NAME' => 'moviefinder.cc'
    'REDIRECT_STATUS' => '200'
    'LOG_ID' => 'ac135721f18e078c5e06'
    'APPLICATION_ENV' => 'development'
    'HTTP_HOST' => 'dev.moviefinder.cc'
    'HTTP_CONNECTION' => 'keep-alive'
    'HTTP_CACHE_CONTROL' => 'max-age=0'
    'HTTP_ACCEPT' => 'text/html,application/xhtml+xml,application/xml;q=0.9,image/webp,*/*;q=0.8'
    'HTTP_UPGRADE_INSECURE_REQUESTS' => '1'
    'HTTP_USER_AGENT' => 'Mozilla/5.0 (Macintosh; Intel Mac OS X 10_11_3) AppleWebKit/537.36 (KHTML, like Gecko) Chrome/47.0.2526.106 Safari/537.36'
    'HTTP_ACCEPT_ENCODING' => 'gzip, deflate, sdch'
    'HTTP_ACCEPT_LANGUAGE' => 'zh-CN,zh;q=0.8,en;q=0.6'
    'HTTP_COOKIE' => '_csrf=5d8be5f809bd5f04392f809a7809ebca8cf8510e48f3be7cb562953a9754dae4a%3A2%3A%7Bi%3A0%3Bs%3A5%3A%22_csrf%22%3Bi%3A1%3Bs%3A32%3A%2267aNm9DFihrW8szW3BxKGUIHydE1MynB%22%3B%7D'
    'PHP_SELF' => '/index.php'
    'REQUEST_TIME_FLOAT' => 1461842318.128
    'REQUEST_TIME' => 1461842318
]
2016-04-28 19:19:04 [192.168.99.1][-][-][error][yii\web\HttpException:404] exception 'yii\base\InvalidRouteException' with message 'Unable to resolve the request "".' in /home/worker/data/www/moviefinder/vendor/yiisoft/yii2/base/Module.php:460
Stack trace:
#0 /home/worker/data/www/moviefinder/vendor/yiisoft/yii2/web/Application.php(84): yii\base\Module->runAction('', Array)
#1 /home/worker/data/www/moviefinder/vendor/yiisoft/yii2/base/Application.php(375): yii\web\Application->handleRequest(Object(yii\web\Request))
#2 /home/worker/data/www/moviefinder/public/index.php(15): yii\base\Application->run()
#3 {main}

Next exception 'yii\web\NotFoundHttpException' with message 'Page not found.' in /home/worker/data/www/moviefinder/vendor/yiisoft/yii2/web/Application.php:96
Stack trace:
#0 /home/worker/data/www/moviefinder/vendor/yiisoft/yii2/base/Application.php(375): yii\web\Application->handleRequest(Object(yii\web\Request))
#1 /home/worker/data/www/moviefinder/public/index.php(15): yii\base\Application->run()
#2 {main}
2016-04-28 19:19:04 [192.168.99.1][-][-][info][application] $_COOKIE = [
    '_csrf' => '5d8be5f809bd5f04392f809a7809ebca8cf8510e48f3be7cb562953a9754dae4a:2:{i:0;s:5:\"_csrf\";i:1;s:32:\"67aNm9DFihrW8szW3BxKGUIHydE1MynB\";}'
]

$_SERVER = [
    'environ' => 'newdev'
    'USER' => 'worker'
    'HOME' => '/home/worker'
    'FCGI_ROLE' => 'RESPONDER'
    'SCRIPT_FILENAME' => '/home/worker/data/www/moviefinder/public/index.php'
    'QUERY_STRING' => ''
    'REQUEST_METHOD' => 'GET'
    'CONTENT_TYPE' => ''
    'CONTENT_LENGTH' => ''
    'SCRIPT_NAME' => '/index.php'
    'REQUEST_URI' => '/'
    'DOCUMENT_URI' => '/index.php'
    'DOCUMENT_ROOT' => '/home/worker/data/www/moviefinder/public'
    'SERVER_PROTOCOL' => 'HTTP/1.1'
    'GATEWAY_INTERFACE' => 'CGI/1.1'
    'SERVER_SOFTWARE' => 'nginx/1.4.2'
    'REMOTE_ADDR' => '192.168.99.1'
    'REMOTE_PORT' => '59775'
    'SERVER_ADDR' => '172.17.0.2'
    'SERVER_PORT' => '80'
    'SERVER_NAME' => 'moviefinder.cc'
    'REDIRECT_STATUS' => '200'
    'LOG_ID' => 'ac135721f1a8078c5e07'
    'APPLICATION_ENV' => 'development'
    'HTTP_HOST' => 'dev.moviefinder.cc'
    'HTTP_CONNECTION' => 'keep-alive'
    'HTTP_CACHE_CONTROL' => 'max-age=0'
    'HTTP_ACCEPT' => 'text/html,application/xhtml+xml,application/xml;q=0.9,image/webp,*/*;q=0.8'
    'HTTP_UPGRADE_INSECURE_REQUESTS' => '1'
    'HTTP_USER_AGENT' => 'Mozilla/5.0 (Macintosh; Intel Mac OS X 10_11_3) AppleWebKit/537.36 (KHTML, like Gecko) Chrome/47.0.2526.106 Safari/537.36'
    'HTTP_ACCEPT_ENCODING' => 'gzip, deflate, sdch'
    'HTTP_ACCEPT_LANGUAGE' => 'zh-CN,zh;q=0.8,en;q=0.6'
    'HTTP_COOKIE' => '_csrf=5d8be5f809bd5f04392f809a7809ebca8cf8510e48f3be7cb562953a9754dae4a%3A2%3A%7Bi%3A0%3Bs%3A5%3A%22_csrf%22%3Bi%3A1%3Bs%3A32%3A%2267aNm9DFihrW8szW3BxKGUIHydE1MynB%22%3B%7D'
    'PHP_SELF' => '/index.php'
    'REQUEST_TIME_FLOAT' => 1461842344.8848
    'REQUEST_TIME' => 1461842344
]
2016-04-28 19:19:06 [192.168.99.1][-][-][error][yii\web\HttpException:404] exception 'yii\base\InvalidRouteException' with message 'Unable to resolve the request "".' in /home/worker/data/www/moviefinder/vendor/yiisoft/yii2/base/Module.php:460
Stack trace:
#0 /home/worker/data/www/moviefinder/vendor/yiisoft/yii2/web/Application.php(84): yii\base\Module->runAction('', Array)
#1 /home/worker/data/www/moviefinder/vendor/yiisoft/yii2/base/Application.php(375): yii\web\Application->handleRequest(Object(yii\web\Request))
#2 /home/worker/data/www/moviefinder/public/index.php(15): yii\base\Application->run()
#3 {main}

Next exception 'yii\web\NotFoundHttpException' with message 'Page not found.' in /home/worker/data/www/moviefinder/vendor/yiisoft/yii2/web/Application.php:96
Stack trace:
#0 /home/worker/data/www/moviefinder/vendor/yiisoft/yii2/base/Application.php(375): yii\web\Application->handleRequest(Object(yii\web\Request))
#1 /home/worker/data/www/moviefinder/public/index.php(15): yii\base\Application->run()
#2 {main}
2016-04-28 19:19:06 [192.168.99.1][-][-][info][application] $_COOKIE = [
    '_csrf' => '5d8be5f809bd5f04392f809a7809ebca8cf8510e48f3be7cb562953a9754dae4a:2:{i:0;s:5:\"_csrf\";i:1;s:32:\"67aNm9DFihrW8szW3BxKGUIHydE1MynB\";}'
]

$_SERVER = [
    'environ' => 'newdev'
    'USER' => 'worker'
    'HOME' => '/home/worker'
    'FCGI_ROLE' => 'RESPONDER'
    'SCRIPT_FILENAME' => '/home/worker/data/www/moviefinder/public/index.php'
    'QUERY_STRING' => ''
    'REQUEST_METHOD' => 'GET'
    'CONTENT_TYPE' => ''
    'CONTENT_LENGTH' => ''
    'SCRIPT_NAME' => '/index.php'
    'REQUEST_URI' => '/'
    'DOCUMENT_URI' => '/index.php'
    'DOCUMENT_ROOT' => '/home/worker/data/www/moviefinder/public'
    'SERVER_PROTOCOL' => 'HTTP/1.1'
    'GATEWAY_INTERFACE' => 'CGI/1.1'
    'SERVER_SOFTWARE' => 'nginx/1.4.2'
    'REMOTE_ADDR' => '192.168.99.1'
    'REMOTE_PORT' => '59776'
    'SERVER_ADDR' => '172.17.0.2'
    'SERVER_PORT' => '80'
    'SERVER_NAME' => 'moviefinder.cc'
    'REDIRECT_STATUS' => '200'
    'LOG_ID' => 'ac135721f1aa078c5e08'
    'APPLICATION_ENV' => 'development'
    'HTTP_HOST' => 'dev.moviefinder.cc'
    'HTTP_CONNECTION' => 'keep-alive'
    'HTTP_CACHE_CONTROL' => 'max-age=0'
    'HTTP_ACCEPT' => 'text/html,application/xhtml+xml,application/xml;q=0.9,image/webp,*/*;q=0.8'
    'HTTP_UPGRADE_INSECURE_REQUESTS' => '1'
    'HTTP_USER_AGENT' => 'Mozilla/5.0 (Macintosh; Intel Mac OS X 10_11_3) AppleWebKit/537.36 (KHTML, like Gecko) Chrome/47.0.2526.106 Safari/537.36'
    'HTTP_ACCEPT_ENCODING' => 'gzip, deflate, sdch'
    'HTTP_ACCEPT_LANGUAGE' => 'zh-CN,zh;q=0.8,en;q=0.6'
    'HTTP_COOKIE' => '_csrf=5d8be5f809bd5f04392f809a7809ebca8cf8510e48f3be7cb562953a9754dae4a%3A2%3A%7Bi%3A0%3Bs%3A5%3A%22_csrf%22%3Bi%3A1%3Bs%3A32%3A%2267aNm9DFihrW8szW3BxKGUIHydE1MynB%22%3B%7D'
    'PHP_SELF' => '/index.php'
    'REQUEST_TIME_FLOAT' => 1461842346.7413
    'REQUEST_TIME' => 1461842346
]
2016-04-28 19:19:07 [192.168.99.1][-][-][error][yii\web\HttpException:404] exception 'yii\base\InvalidRouteException' with message 'Unable to resolve the request "".' in /home/worker/data/www/moviefinder/vendor/yiisoft/yii2/base/Module.php:460
Stack trace:
#0 /home/worker/data/www/moviefinder/vendor/yiisoft/yii2/web/Application.php(84): yii\base\Module->runAction('', Array)
#1 /home/worker/data/www/moviefinder/vendor/yiisoft/yii2/base/Application.php(375): yii\web\Application->handleRequest(Object(yii\web\Request))
#2 /home/worker/data/www/moviefinder/public/index.php(15): yii\base\Application->run()
#3 {main}

Next exception 'yii\web\NotFoundHttpException' with message 'Page not found.' in /home/worker/data/www/moviefinder/vendor/yiisoft/yii2/web/Application.php:96
Stack trace:
#0 /home/worker/data/www/moviefinder/vendor/yiisoft/yii2/base/Application.php(375): yii\web\Application->handleRequest(Object(yii\web\Request))
#1 /home/worker/data/www/moviefinder/public/index.php(15): yii\base\Application->run()
#2 {main}
2016-04-28 19:19:07 [192.168.99.1][-][-][info][application] $_COOKIE = [
    '_csrf' => '5d8be5f809bd5f04392f809a7809ebca8cf8510e48f3be7cb562953a9754dae4a:2:{i:0;s:5:\"_csrf\";i:1;s:32:\"67aNm9DFihrW8szW3BxKGUIHydE1MynB\";}'
]

$_SERVER = [
    'environ' => 'newdev'
    'USER' => 'worker'
    'HOME' => '/home/worker'
    'FCGI_ROLE' => 'RESPONDER'
    'SCRIPT_FILENAME' => '/home/worker/data/www/moviefinder/public/index.php'
    'QUERY_STRING' => ''
    'REQUEST_METHOD' => 'GET'
    'CONTENT_TYPE' => ''
    'CONTENT_LENGTH' => ''
    'SCRIPT_NAME' => '/index.php'
    'REQUEST_URI' => '/'
    'DOCUMENT_URI' => '/index.php'
    'DOCUMENT_ROOT' => '/home/worker/data/www/moviefinder/public'
    'SERVER_PROTOCOL' => 'HTTP/1.1'
    'GATEWAY_INTERFACE' => 'CGI/1.1'
    'SERVER_SOFTWARE' => 'nginx/1.4.2'
    'REMOTE_ADDR' => '192.168.99.1'
    'REMOTE_PORT' => '59787'
    'SERVER_ADDR' => '172.17.0.2'
    'SERVER_PORT' => '80'
    'SERVER_NAME' => 'moviefinder.cc'
    'REDIRECT_STATUS' => '200'
    'LOG_ID' => 'ac135721f1ab078c5e09'
    'APPLICATION_ENV' => 'development'
    'HTTP_HOST' => 'dev.moviefinder.cc'
    'HTTP_CONNECTION' => 'keep-alive'
    'HTTP_CACHE_CONTROL' => 'max-age=0'
    'HTTP_ACCEPT' => 'text/html,application/xhtml+xml,application/xml;q=0.9,image/webp,*/*;q=0.8'
    'HTTP_UPGRADE_INSECURE_REQUESTS' => '1'
    'HTTP_USER_AGENT' => 'Mozilla/5.0 (Macintosh; Intel Mac OS X 10_11_3) AppleWebKit/537.36 (KHTML, like Gecko) Chrome/47.0.2526.106 Safari/537.36'
    'HTTP_ACCEPT_ENCODING' => 'gzip, deflate, sdch'
    'HTTP_ACCEPT_LANGUAGE' => 'zh-CN,zh;q=0.8,en;q=0.6'
    'HTTP_COOKIE' => '_csrf=5d8be5f809bd5f04392f809a7809ebca8cf8510e48f3be7cb562953a9754dae4a%3A2%3A%7Bi%3A0%3Bs%3A5%3A%22_csrf%22%3Bi%3A1%3Bs%3A32%3A%2267aNm9DFihrW8szW3BxKGUIHydE1MynB%22%3B%7D'
    'PHP_SELF' => '/index.php'
    'REQUEST_TIME_FLOAT' => 1461842347.745
    'REQUEST_TIME' => 1461842347
]
2016-04-28 19:19:08 [192.168.99.1][-][-][error][yii\web\HttpException:404] exception 'yii\base\InvalidRouteException' with message 'Unable to resolve the request "".' in /home/worker/data/www/moviefinder/vendor/yiisoft/yii2/base/Module.php:460
Stack trace:
#0 /home/worker/data/www/moviefinder/vendor/yiisoft/yii2/web/Application.php(84): yii\base\Module->runAction('', Array)
#1 /home/worker/data/www/moviefinder/vendor/yiisoft/yii2/base/Application.php(375): yii\web\Application->handleRequest(Object(yii\web\Request))
#2 /home/worker/data/www/moviefinder/public/index.php(15): yii\base\Application->run()
#3 {main}

Next exception 'yii\web\NotFoundHttpException' with message 'Page not found.' in /home/worker/data/www/moviefinder/vendor/yiisoft/yii2/web/Application.php:96
Stack trace:
#0 /home/worker/data/www/moviefinder/vendor/yiisoft/yii2/base/Application.php(375): yii\web\Application->handleRequest(Object(yii\web\Request))
#1 /home/worker/data/www/moviefinder/public/index.php(15): yii\base\Application->run()
#2 {main}
2016-04-28 19:19:08 [192.168.99.1][-][-][info][application] $_COOKIE = [
    '_csrf' => '5d8be5f809bd5f04392f809a7809ebca8cf8510e48f3be7cb562953a9754dae4a:2:{i:0;s:5:\"_csrf\";i:1;s:32:\"67aNm9DFihrW8szW3BxKGUIHydE1MynB\";}'
]

$_SERVER = [
    'environ' => 'newdev'
    'USER' => 'worker'
    'HOME' => '/home/worker'
    'FCGI_ROLE' => 'RESPONDER'
    'SCRIPT_FILENAME' => '/home/worker/data/www/moviefinder/public/index.php'
    'QUERY_STRING' => ''
    'REQUEST_METHOD' => 'GET'
    'CONTENT_TYPE' => ''
    'CONTENT_LENGTH' => ''
    'SCRIPT_NAME' => '/index.php'
    'REQUEST_URI' => '/'
    'DOCUMENT_URI' => '/index.php'
    'DOCUMENT_ROOT' => '/home/worker/data/www/moviefinder/public'
    'SERVER_PROTOCOL' => 'HTTP/1.1'
    'GATEWAY_INTERFACE' => 'CGI/1.1'
    'SERVER_SOFTWARE' => 'nginx/1.4.2'
    'REMOTE_ADDR' => '192.168.99.1'
    'REMOTE_PORT' => '59792'
    'SERVER_ADDR' => '172.17.0.2'
    'SERVER_PORT' => '80'
    'SERVER_NAME' => 'moviefinder.cc'
    'REDIRECT_STATUS' => '200'
    'LOG_ID' => 'ac135721f1ac078c5e0a'
    'APPLICATION_ENV' => 'development'
    'HTTP_HOST' => 'dev.moviefinder.cc'
    'HTTP_CONNECTION' => 'keep-alive'
    'HTTP_CACHE_CONTROL' => 'max-age=0'
    'HTTP_ACCEPT' => 'text/html,application/xhtml+xml,application/xml;q=0.9,image/webp,*/*;q=0.8'
    'HTTP_UPGRADE_INSECURE_REQUESTS' => '1'
    'HTTP_USER_AGENT' => 'Mozilla/5.0 (Macintosh; Intel Mac OS X 10_11_3) AppleWebKit/537.36 (KHTML, like Gecko) Chrome/47.0.2526.106 Safari/537.36'
    'HTTP_ACCEPT_ENCODING' => 'gzip, deflate, sdch'
    'HTTP_ACCEPT_LANGUAGE' => 'zh-CN,zh;q=0.8,en;q=0.6'
    'HTTP_COOKIE' => '_csrf=5d8be5f809bd5f04392f809a7809ebca8cf8510e48f3be7cb562953a9754dae4a%3A2%3A%7Bi%3A0%3Bs%3A5%3A%22_csrf%22%3Bi%3A1%3Bs%3A32%3A%2267aNm9DFihrW8szW3BxKGUIHydE1MynB%22%3B%7D'
    'PHP_SELF' => '/index.php'
    'REQUEST_TIME_FLOAT' => 1461842348.3349
    'REQUEST_TIME' => 1461842348
]
2016-04-28 19:19:08 [192.168.99.1][-][-][error][yii\web\HttpException:404] exception 'yii\base\InvalidRouteException' with message 'Unable to resolve the request "".' in /home/worker/data/www/moviefinder/vendor/yiisoft/yii2/base/Module.php:460
Stack trace:
#0 /home/worker/data/www/moviefinder/vendor/yiisoft/yii2/web/Application.php(84): yii\base\Module->runAction('', Array)
#1 /home/worker/data/www/moviefinder/vendor/yiisoft/yii2/base/Application.php(375): yii\web\Application->handleRequest(Object(yii\web\Request))
#2 /home/worker/data/www/moviefinder/public/index.php(15): yii\base\Application->run()
#3 {main}

Next exception 'yii\web\NotFoundHttpException' with message 'Page not found.' in /home/worker/data/www/moviefinder/vendor/yiisoft/yii2/web/Application.php:96
Stack trace:
#0 /home/worker/data/www/moviefinder/vendor/yiisoft/yii2/base/Application.php(375): yii\web\Application->handleRequest(Object(yii\web\Request))
#1 /home/worker/data/www/moviefinder/public/index.php(15): yii\base\Application->run()
#2 {main}
2016-04-28 19:19:08 [192.168.99.1][-][-][info][application] $_COOKIE = [
    '_csrf' => '5d8be5f809bd5f04392f809a7809ebca8cf8510e48f3be7cb562953a9754dae4a:2:{i:0;s:5:\"_csrf\";i:1;s:32:\"67aNm9DFihrW8szW3BxKGUIHydE1MynB\";}'
]

$_SERVER = [
    'environ' => 'newdev'
    'USER' => 'worker'
    'HOME' => '/home/worker'
    'FCGI_ROLE' => 'RESPONDER'
    'SCRIPT_FILENAME' => '/home/worker/data/www/moviefinder/public/index.php'
    'QUERY_STRING' => ''
    'REQUEST_METHOD' => 'GET'
    'CONTENT_TYPE' => ''
    'CONTENT_LENGTH' => ''
    'SCRIPT_NAME' => '/index.php'
    'REQUEST_URI' => '/'
    'DOCUMENT_URI' => '/index.php'
    'DOCUMENT_ROOT' => '/home/worker/data/www/moviefinder/public'
    'SERVER_PROTOCOL' => 'HTTP/1.1'
    'GATEWAY_INTERFACE' => 'CGI/1.1'
    'SERVER_SOFTWARE' => 'nginx/1.4.2'
    'REMOTE_ADDR' => '192.168.99.1'
    'REMOTE_PORT' => '59797'
    'SERVER_ADDR' => '172.17.0.2'
    'SERVER_PORT' => '80'
    'SERVER_NAME' => 'moviefinder.cc'
    'REDIRECT_STATUS' => '200'
    'LOG_ID' => 'ac135721f1ac078c5e0b'
    'APPLICATION_ENV' => 'development'
    'HTTP_HOST' => 'dev.moviefinder.cc'
    'HTTP_CONNECTION' => 'keep-alive'
    'HTTP_CACHE_CONTROL' => 'max-age=0'
    'HTTP_ACCEPT' => 'text/html,application/xhtml+xml,application/xml;q=0.9,image/webp,*/*;q=0.8'
    'HTTP_UPGRADE_INSECURE_REQUESTS' => '1'
    'HTTP_USER_AGENT' => 'Mozilla/5.0 (Macintosh; Intel Mac OS X 10_11_3) AppleWebKit/537.36 (KHTML, like Gecko) Chrome/47.0.2526.106 Safari/537.36'
    'HTTP_ACCEPT_ENCODING' => 'gzip, deflate, sdch'
    'HTTP_ACCEPT_LANGUAGE' => 'zh-CN,zh;q=0.8,en;q=0.6'
    'HTTP_COOKIE' => '_csrf=5d8be5f809bd5f04392f809a7809ebca8cf8510e48f3be7cb562953a9754dae4a%3A2%3A%7Bi%3A0%3Bs%3A5%3A%22_csrf%22%3Bi%3A1%3Bs%3A32%3A%2267aNm9DFihrW8szW3BxKGUIHydE1MynB%22%3B%7D'
    'PHP_SELF' => '/index.php'
    'REQUEST_TIME_FLOAT' => 1461842348.6386
    'REQUEST_TIME' => 1461842348
]
2016-04-28 19:19:08 [192.168.99.1][-][-][error][yii\web\HttpException:404] exception 'yii\base\InvalidRouteException' with message 'Unable to resolve the request "".' in /home/worker/data/www/moviefinder/vendor/yiisoft/yii2/base/Module.php:460
Stack trace:
#0 /home/worker/data/www/moviefinder/vendor/yiisoft/yii2/web/Application.php(84): yii\base\Module->runAction('', Array)
#1 /home/worker/data/www/moviefinder/vendor/yiisoft/yii2/base/Application.php(375): yii\web\Application->handleRequest(Object(yii\web\Request))
#2 /home/worker/data/www/moviefinder/public/index.php(15): yii\base\Application->run()
#3 {main}

Next exception 'yii\web\NotFoundHttpException' with message 'Page not found.' in /home/worker/data/www/moviefinder/vendor/yiisoft/yii2/web/Application.php:96
Stack trace:
#0 /home/worker/data/www/moviefinder/vendor/yiisoft/yii2/base/Application.php(375): yii\web\Application->handleRequest(Object(yii\web\Request))
#1 /home/worker/data/www/moviefinder/public/index.php(15): yii\base\Application->run()
#2 {main}
2016-04-28 19:19:08 [192.168.99.1][-][-][info][application] $_COOKIE = [
    '_csrf' => '5d8be5f809bd5f04392f809a7809ebca8cf8510e48f3be7cb562953a9754dae4a:2:{i:0;s:5:\"_csrf\";i:1;s:32:\"67aNm9DFihrW8szW3BxKGUIHydE1MynB\";}'
]

$_SERVER = [
    'environ' => 'newdev'
    'USER' => 'worker'
    'HOME' => '/home/worker'
    'FCGI_ROLE' => 'RESPONDER'
    'SCRIPT_FILENAME' => '/home/worker/data/www/moviefinder/public/index.php'
    'QUERY_STRING' => ''
    'REQUEST_METHOD' => 'GET'
    'CONTENT_TYPE' => ''
    'CONTENT_LENGTH' => ''
    'SCRIPT_NAME' => '/index.php'
    'REQUEST_URI' => '/'
    'DOCUMENT_URI' => '/index.php'
    'DOCUMENT_ROOT' => '/home/worker/data/www/moviefinder/public'
    'SERVER_PROTOCOL' => 'HTTP/1.1'
    'GATEWAY_INTERFACE' => 'CGI/1.1'
    'SERVER_SOFTWARE' => 'nginx/1.4.2'
    'REMOTE_ADDR' => '192.168.99.1'
    'REMOTE_PORT' => '59800'
    'SERVER_ADDR' => '172.17.0.2'
    'SERVER_PORT' => '80'
    'SERVER_NAME' => 'moviefinder.cc'
    'REDIRECT_STATUS' => '200'
    'LOG_ID' => 'ac135721f1ac078c5e0c'
    'APPLICATION_ENV' => 'development'
    'HTTP_HOST' => 'dev.moviefinder.cc'
    'HTTP_CONNECTION' => 'keep-alive'
    'HTTP_CACHE_CONTROL' => 'max-age=0'
    'HTTP_ACCEPT' => 'text/html,application/xhtml+xml,application/xml;q=0.9,image/webp,*/*;q=0.8'
    'HTTP_UPGRADE_INSECURE_REQUESTS' => '1'
    'HTTP_USER_AGENT' => 'Mozilla/5.0 (Macintosh; Intel Mac OS X 10_11_3) AppleWebKit/537.36 (KHTML, like Gecko) Chrome/47.0.2526.106 Safari/537.36'
    'HTTP_ACCEPT_ENCODING' => 'gzip, deflate, sdch'
    'HTTP_ACCEPT_LANGUAGE' => 'zh-CN,zh;q=0.8,en;q=0.6'
    'HTTP_COOKIE' => '_csrf=5d8be5f809bd5f04392f809a7809ebca8cf8510e48f3be7cb562953a9754dae4a%3A2%3A%7Bi%3A0%3Bs%3A5%3A%22_csrf%22%3Bi%3A1%3Bs%3A32%3A%2267aNm9DFihrW8szW3BxKGUIHydE1MynB%22%3B%7D'
    'PHP_SELF' => '/index.php'
    'REQUEST_TIME_FLOAT' => 1461842348.7922
    'REQUEST_TIME' => 1461842348
]
2016-04-28 19:19:09 [192.168.99.1][-][-][error][yii\web\HttpException:404] exception 'yii\base\InvalidRouteException' with message 'Unable to resolve the request "".' in /home/worker/data/www/moviefinder/vendor/yiisoft/yii2/base/Module.php:460
Stack trace:
#0 /home/worker/data/www/moviefinder/vendor/yiisoft/yii2/web/Application.php(84): yii\base\Module->runAction('', Array)
#1 /home/worker/data/www/moviefinder/vendor/yiisoft/yii2/base/Application.php(375): yii\web\Application->handleRequest(Object(yii\web\Request))
#2 /home/worker/data/www/moviefinder/public/index.php(15): yii\base\Application->run()
#3 {main}

Next exception 'yii\web\NotFoundHttpException' with message 'Page not found.' in /home/worker/data/www/moviefinder/vendor/yiisoft/yii2/web/Application.php:96
Stack trace:
#0 /home/worker/data/www/moviefinder/vendor/yiisoft/yii2/base/Application.php(375): yii\web\Application->handleRequest(Object(yii\web\Request))
#1 /home/worker/data/www/moviefinder/public/index.php(15): yii\base\Application->run()
#2 {main}
2016-04-28 19:19:09 [192.168.99.1][-][-][info][application] $_COOKIE = [
    '_csrf' => '5d8be5f809bd5f04392f809a7809ebca8cf8510e48f3be7cb562953a9754dae4a:2:{i:0;s:5:\"_csrf\";i:1;s:32:\"67aNm9DFihrW8szW3BxKGUIHydE1MynB\";}'
]

$_SERVER = [
    'environ' => 'newdev'
    'USER' => 'worker'
    'HOME' => '/home/worker'
    'FCGI_ROLE' => 'RESPONDER'
    'SCRIPT_FILENAME' => '/home/worker/data/www/moviefinder/public/index.php'
    'QUERY_STRING' => ''
    'REQUEST_METHOD' => 'GET'
    'CONTENT_TYPE' => ''
    'CONTENT_LENGTH' => ''
    'SCRIPT_NAME' => '/index.php'
    'REQUEST_URI' => '/'
    'DOCUMENT_URI' => '/index.php'
    'DOCUMENT_ROOT' => '/home/worker/data/www/moviefinder/public'
    'SERVER_PROTOCOL' => 'HTTP/1.1'
    'GATEWAY_INTERFACE' => 'CGI/1.1'
    'SERVER_SOFTWARE' => 'nginx/1.4.2'
    'REMOTE_ADDR' => '192.168.99.1'
    'REMOTE_PORT' => '59801'
    'SERVER_ADDR' => '172.17.0.2'
    'SERVER_PORT' => '80'
    'SERVER_NAME' => 'moviefinder.cc'
    'REDIRECT_STATUS' => '200'
    'LOG_ID' => 'ac135721f1ad078c5e0d'
    'APPLICATION_ENV' => 'development'
    'HTTP_HOST' => 'dev.moviefinder.cc'
    'HTTP_CONNECTION' => 'keep-alive'
    'HTTP_CACHE_CONTROL' => 'max-age=0'
    'HTTP_ACCEPT' => 'text/html,application/xhtml+xml,application/xml;q=0.9,image/webp,*/*;q=0.8'
    'HTTP_UPGRADE_INSECURE_REQUESTS' => '1'
    'HTTP_USER_AGENT' => 'Mozilla/5.0 (Macintosh; Intel Mac OS X 10_11_3) AppleWebKit/537.36 (KHTML, like Gecko) Chrome/47.0.2526.106 Safari/537.36'
    'HTTP_ACCEPT_ENCODING' => 'gzip, deflate, sdch'
    'HTTP_ACCEPT_LANGUAGE' => 'zh-CN,zh;q=0.8,en;q=0.6'
    'HTTP_COOKIE' => '_csrf=5d8be5f809bd5f04392f809a7809ebca8cf8510e48f3be7cb562953a9754dae4a%3A2%3A%7Bi%3A0%3Bs%3A5%3A%22_csrf%22%3Bi%3A1%3Bs%3A32%3A%2267aNm9DFihrW8szW3BxKGUIHydE1MynB%22%3B%7D'
    'PHP_SELF' => '/index.php'
    'REQUEST_TIME_FLOAT' => 1461842349.511
    'REQUEST_TIME' => 1461842349
]
2016-04-28 19:19:44 [192.168.99.1][-][-][error][yii\web\HttpException:404] exception 'yii\base\InvalidRouteException' with message 'Unable to resolve the request "".' in /home/worker/data/www/moviefinder/vendor/yiisoft/yii2/base/Module.php:460
Stack trace:
#0 /home/worker/data/www/moviefinder/vendor/yiisoft/yii2/web/Application.php(84): yii\base\Module->runAction('', Array)
#1 /home/worker/data/www/moviefinder/vendor/yiisoft/yii2/base/Application.php(375): yii\web\Application->handleRequest(Object(yii\web\Request))
#2 /home/worker/data/www/moviefinder/public/index.php(15): yii\base\Application->run()
#3 {main}

Next exception 'yii\web\NotFoundHttpException' with message 'Page not found.' in /home/worker/data/www/moviefinder/vendor/yiisoft/yii2/web/Application.php:96
Stack trace:
#0 /home/worker/data/www/moviefinder/vendor/yiisoft/yii2/base/Application.php(375): yii\web\Application->handleRequest(Object(yii\web\Request))
#1 /home/worker/data/www/moviefinder/public/index.php(15): yii\base\Application->run()
#2 {main}
2016-04-28 19:19:44 [192.168.99.1][-][-][info][application] $_COOKIE = [
    '_csrf' => '5d8be5f809bd5f04392f809a7809ebca8cf8510e48f3be7cb562953a9754dae4a:2:{i:0;s:5:\"_csrf\";i:1;s:32:\"67aNm9DFihrW8szW3BxKGUIHydE1MynB\";}'
]

$_SERVER = [
    'environ' => 'newdev'
    'USER' => 'worker'
    'HOME' => '/home/worker'
    'FCGI_ROLE' => 'RESPONDER'
    'SCRIPT_FILENAME' => '/home/worker/data/www/moviefinder/public/index.php'
    'QUERY_STRING' => ''
    'REQUEST_METHOD' => 'GET'
    'CONTENT_TYPE' => ''
    'CONTENT_LENGTH' => ''
    'SCRIPT_NAME' => '/index.php'
    'REQUEST_URI' => '/'
    'DOCUMENT_URI' => '/index.php'
    'DOCUMENT_ROOT' => '/home/worker/data/www/moviefinder/public'
    'SERVER_PROTOCOL' => 'HTTP/1.1'
    'GATEWAY_INTERFACE' => 'CGI/1.1'
    'SERVER_SOFTWARE' => 'nginx/1.4.2'
    'REMOTE_ADDR' => '192.168.99.1'
    'REMOTE_PORT' => '59824'
    'SERVER_ADDR' => '172.17.0.2'
    'SERVER_PORT' => '80'
    'SERVER_NAME' => 'moviefinder.cc'
    'REDIRECT_STATUS' => '200'
    'LOG_ID' => 'ac135721f1d0078c5e0e'
    'APPLICATION_ENV' => 'development'
    'HTTP_HOST' => 'dev.moviefinder.cc'
    'HTTP_CONNECTION' => 'keep-alive'
    'HTTP_CACHE_CONTROL' => 'max-age=0'
    'HTTP_ACCEPT' => 'text/html,application/xhtml+xml,application/xml;q=0.9,image/webp,*/*;q=0.8'
    'HTTP_UPGRADE_INSECURE_REQUESTS' => '1'
    'HTTP_USER_AGENT' => 'Mozilla/5.0 (Macintosh; Intel Mac OS X 10_11_3) AppleWebKit/537.36 (KHTML, like Gecko) Chrome/47.0.2526.106 Safari/537.36'
    'HTTP_ACCEPT_ENCODING' => 'gzip, deflate, sdch'
    'HTTP_ACCEPT_LANGUAGE' => 'zh-CN,zh;q=0.8,en;q=0.6'
    'HTTP_COOKIE' => '_csrf=5d8be5f809bd5f04392f809a7809ebca8cf8510e48f3be7cb562953a9754dae4a%3A2%3A%7Bi%3A0%3Bs%3A5%3A%22_csrf%22%3Bi%3A1%3Bs%3A32%3A%2267aNm9DFihrW8szW3BxKGUIHydE1MynB%22%3B%7D'
    'PHP_SELF' => '/index.php'
    'REQUEST_TIME_FLOAT' => 1461842384.307
    'REQUEST_TIME' => 1461842384
]
