2016-04-28 17:13:00 [192.168.99.1][-][-][error][yii\base\ErrorException:1] exception 'yii\base\ErrorException' with message 'Class 'app\assets\AppAsset' not found' in /home/worker/data/www/moviefinder/protected/views/layouts/main.php:12
Stack trace:
#0 [internal function]: yii\base\ErrorHandler->handleFatalError()
#1 {main}
2016-04-28 17:13:00 [192.168.99.1][-][-][info][application] $_COOKIE = [
    '_csrf' => '65383929f88ed8338e2eb73a13580d4c0505b14828c6edb8903a9853313af32ba:2:{i:0;s:5:\"_csrf\";i:1;s:32:\"WiEk8H-9IFLPQOq-l2B_1P4Yiw4yTpOw\";}'
]

$_SERVER = [
    'environ' => 'newdev'
    'USER' => 'worker'
    'HOME' => '/home/worker'
    'FCGI_ROLE' => 'RESPONDER'
    'SCRIPT_FILENAME' => '/home/worker/data/www/moviefinder/public/index.php'
    'QUERY_STRING' => ''
    'REQUEST_METHOD' => 'GET'
    'CONTENT_TYPE' => ''
    'CONTENT_LENGTH' => ''
    'SCRIPT_NAME' => '/index.php'
    'REQUEST_URI' => '/'
    'DOCUMENT_URI' => '/index.php'
    'DOCUMENT_ROOT' => '/home/worker/data/www/moviefinder/public'
    'SERVER_PROTOCOL' => 'HTTP/1.1'
    'GATEWAY_INTERFACE' => 'CGI/1.1'
    'SERVER_SOFTWARE' => 'nginx/1.4.2'
    'REMOTE_ADDR' => '192.168.99.1'
    'REMOTE_PORT' => '56680'
    'SERVER_ADDR' => '172.17.0.2'
    'SERVER_PORT' => '80'
    'SERVER_NAME' => 'moviefinder.cc'
    'REDIRECT_STATUS' => '200'
    'LOG_ID' => 'ac135721d41c078c5dcd'
    'APPLICATION_ENV' => 'development'
    'HTTP_HOST' => 'dev.moviefinder.cc'
    'HTTP_CONNECTION' => 'keep-alive'
    'HTTP_CACHE_CONTROL' => 'max-age=0'
    'HTTP_ACCEPT' => 'text/html,application/xhtml+xml,application/xml;q=0.9,image/webp,*/*;q=0.8'
    'HTTP_UPGRADE_INSECURE_REQUESTS' => '1'
    'HTTP_USER_AGENT' => 'Mozilla/5.0 (Macintosh; Intel Mac OS X 10_11_3) AppleWebKit/537.36 (KHTML, like Gecko) Chrome/47.0.2526.106 Safari/537.36'
    'HTTP_ACCEPT_ENCODING' => 'gzip, deflate, sdch'
    'HTTP_ACCEPT_LANGUAGE' => 'zh-CN,zh;q=0.8,en;q=0.6'
    'HTTP_COOKIE' => '_csrf=65383929f88ed8338e2eb73a13580d4c0505b14828c6edb8903a9853313af32ba%3A2%3A%7Bi%3A0%3Bs%3A5%3A%22_csrf%22%3Bi%3A1%3Bs%3A32%3A%22WiEk8H-9IFLPQOq-l2B_1P4Yiw4yTpOw%22%3B%7D'
    'PHP_SELF' => '/index.php'
    'REQUEST_TIME_FLOAT' => 1461834780.1672
    'REQUEST_TIME' => 1461834780
]
2016-04-28 17:13:43 [192.168.99.1][-][-][warning][yii\debug\Module::checkAccess] Access to debugger is denied due to IP address restriction. The requesting IP address is 192.168.99.1
    in /home/worker/data/www/moviefinder/protected/vendor/yiisoft/yii2-debug/Module.php:239
    in /home/worker/data/www/moviefinder/protected/vendor/yiisoft/yii2-debug/Module.php:206
    in /home/worker/data/www/moviefinder/protected/views/layouts/main.php:75
2016-04-28 17:13:43 [192.168.99.1][-][-][info][application] $_COOKIE = [
    '_csrf' => '65383929f88ed8338e2eb73a13580d4c0505b14828c6edb8903a9853313af32ba:2:{i:0;s:5:\"_csrf\";i:1;s:32:\"WiEk8H-9IFLPQOq-l2B_1P4Yiw4yTpOw\";}'
]

$_SERVER = [
    'environ' => 'newdev'
    'USER' => 'worker'
    'HOME' => '/home/worker'
    'FCGI_ROLE' => 'RESPONDER'
    'SCRIPT_FILENAME' => '/home/worker/data/www/moviefinder/public/index.php'
    'QUERY_STRING' => ''
    'REQUEST_METHOD' => 'GET'
    'CONTENT_TYPE' => ''
    'CONTENT_LENGTH' => ''
    'SCRIPT_NAME' => '/index.php'
    'REQUEST_URI' => '/'
    'DOCUMENT_URI' => '/index.php'
    'DOCUMENT_ROOT' => '/home/worker/data/www/moviefinder/public'
    'SERVER_PROTOCOL' => 'HTTP/1.1'
    'GATEWAY_INTERFACE' => 'CGI/1.1'
    'SERVER_SOFTWARE' => 'nginx/1.4.2'
    'REMOTE_ADDR' => '192.168.99.1'
    'REMOTE_PORT' => '56687'
    'SERVER_ADDR' => '172.17.0.2'
    'SERVER_PORT' => '80'
    'SERVER_NAME' => 'moviefinder.cc'
    'REDIRECT_STATUS' => '200'
    'LOG_ID' => 'ac135721d446078c5dce'
    'APPLICATION_ENV' => 'development'
    'HTTP_HOST' => 'dev.moviefinder.cc'
    'HTTP_CONNECTION' => 'keep-alive'
    'HTTP_CACHE_CONTROL' => 'max-age=0'
    'HTTP_ACCEPT' => 'text/html,application/xhtml+xml,application/xml;q=0.9,image/webp,*/*;q=0.8'
    'HTTP_UPGRADE_INSECURE_REQUESTS' => '1'
    'HTTP_USER_AGENT' => 'Mozilla/5.0 (Macintosh; Intel Mac OS X 10_11_3) AppleWebKit/537.36 (KHTML, like Gecko) Chrome/47.0.2526.106 Safari/537.36'
    'HTTP_ACCEPT_ENCODING' => 'gzip, deflate, sdch'
    'HTTP_ACCEPT_LANGUAGE' => 'zh-CN,zh;q=0.8,en;q=0.6'
    'HTTP_COOKIE' => '_csrf=65383929f88ed8338e2eb73a13580d4c0505b14828c6edb8903a9853313af32ba%3A2%3A%7Bi%3A0%3Bs%3A5%3A%22_csrf%22%3Bi%3A1%3Bs%3A32%3A%22WiEk8H-9IFLPQOq-l2B_1P4Yiw4yTpOw%22%3B%7D'
    'PHP_SELF' => '/index.php'
    'REQUEST_TIME_FLOAT' => 1461834823.0169
    'REQUEST_TIME' => 1461834823
]
2016-04-28 17:13:57 [192.168.99.1][-][-][warning][yii\gii\Module::checkAccess] Access to Gii is denied due to IP address restriction. The requested IP is 192.168.99.1
    in /home/worker/data/www/moviefinder/protected/vendor/yiisoft/yii2-gii/Module.php:149
    in /home/worker/data/www/moviefinder/protected/vendor/yiisoft/yii2-gii/Module.php:111
2016-04-28 17:13:57 [192.168.99.1][-][-][error][yii\web\HttpException:403] exception 'yii\web\ForbiddenHttpException' with message 'You are not allowed to access this page.' in /home/worker/data/www/moviefinder/protected/vendor/yiisoft/yii2-gii/Module.php:112
Stack trace:
#0 /home/worker/data/www/vendor/yiisoft/yii2/base/Controller.php(142): yii\gii\Module->beforeAction(Object(yii\base\InlineAction))
#1 /home/worker/data/www/vendor/yiisoft/yii2/base/Module.php(454): yii\base\Controller->runAction('', Array)
#2 /home/worker/data/www/vendor/yiisoft/yii2/web/Application.php(84): yii\base\Module->runAction('gii', Array)
#3 /home/worker/data/www/vendor/yiisoft/yii2/base/Application.php(375): yii\web\Application->handleRequest(Object(yii\web\Request))
#4 /home/worker/data/www/moviefinder/public/index.php(15): yii\base\Application->run()
#5 {main}
2016-04-28 17:13:57 [192.168.99.1][-][-][warning][yii\debug\Module::checkAccess] Access to debugger is denied due to IP address restriction. The requesting IP address is 192.168.99.1
    in /home/worker/data/www/moviefinder/protected/vendor/yiisoft/yii2-debug/Module.php:239
    in /home/worker/data/www/moviefinder/protected/vendor/yiisoft/yii2-debug/Module.php:206
    in /home/worker/data/www/moviefinder/protected/views/layouts/main.php:75
2016-04-28 17:13:57 [192.168.99.1][-][-][info][application] $_GET = [
    'r' => 'gii'
]

$_COOKIE = [
    '_csrf' => '5d8be5f809bd5f04392f809a7809ebca8cf8510e48f3be7cb562953a9754dae4a:2:{i:0;s:5:\"_csrf\";i:1;s:32:\"67aNm9DFihrW8szW3BxKGUIHydE1MynB\";}'
]

$_SERVER = [
    'environ' => 'newdev'
    'USER' => 'worker'
    'HOME' => '/home/worker'
    'FCGI_ROLE' => 'RESPONDER'
    'SCRIPT_FILENAME' => '/home/worker/data/www/moviefinder/public/index.php'
    'QUERY_STRING' => 'r=gii'
    'REQUEST_METHOD' => 'GET'
    'CONTENT_TYPE' => ''
    'CONTENT_LENGTH' => ''
    'SCRIPT_NAME' => '/index.php'
    'REQUEST_URI' => '/?r=gii'
    'DOCUMENT_URI' => '/index.php'
    'DOCUMENT_ROOT' => '/home/worker/data/www/moviefinder/public'
    'SERVER_PROTOCOL' => 'HTTP/1.1'
    'GATEWAY_INTERFACE' => 'CGI/1.1'
    'SERVER_SOFTWARE' => 'nginx/1.4.2'
    'REMOTE_ADDR' => '192.168.99.1'
    'REMOTE_PORT' => '56699'
    'SERVER_ADDR' => '172.17.0.2'
    'SERVER_PORT' => '80'
    'SERVER_NAME' => 'moviefinder.cc'
    'REDIRECT_STATUS' => '200'
    'LOG_ID' => 'ac135721d455078c5dd3'
    'APPLICATION_ENV' => 'development'
    'HTTP_HOST' => 'dev.moviefinder.cc'
    'HTTP_CONNECTION' => 'keep-alive'
    'HTTP_ACCEPT' => 'text/html,application/xhtml+xml,application/xml;q=0.9,image/webp,*/*;q=0.8'
    'HTTP_UPGRADE_INSECURE_REQUESTS' => '1'
    'HTTP_USER_AGENT' => 'Mozilla/5.0 (Macintosh; Intel Mac OS X 10_11_3) AppleWebKit/537.36 (KHTML, like Gecko) Chrome/47.0.2526.106 Safari/537.36'
    'HTTP_ACCEPT_ENCODING' => 'gzip, deflate, sdch'
    'HTTP_ACCEPT_LANGUAGE' => 'zh-CN,zh;q=0.8,en;q=0.6'
    'HTTP_COOKIE' => '_csrf=5d8be5f809bd5f04392f809a7809ebca8cf8510e48f3be7cb562953a9754dae4a%3A2%3A%7Bi%3A0%3Bs%3A5%3A%22_csrf%22%3Bi%3A1%3Bs%3A32%3A%2267aNm9DFihrW8szW3BxKGUIHydE1MynB%22%3B%7D'
    'PHP_SELF' => '/index.php'
    'REQUEST_TIME_FLOAT' => 1461834837.4088
    'REQUEST_TIME' => 1461834837
]
2016-04-28 17:16:02 [192.168.99.1][-][-][error][ReflectionException] exception 'ReflectionException' with message 'Class yii\gii\Module does not exist' in /home/worker/data/www/vendor/yiisoft/yii2/di/Container.php:417
Stack trace:
#0 /home/worker/data/www/vendor/yiisoft/yii2/di/Container.php(417): ReflectionClass->__construct('yii\\gii\\Module')
#1 /home/worker/data/www/vendor/yiisoft/yii2/di/Container.php(360): yii\di\Container->getDependencies('yii\\gii\\Module')
#2 /home/worker/data/www/vendor/yiisoft/yii2/di/Container.php(153): yii\di\Container->build('yii\\gii\\Module', Array, Array)
#3 /home/worker/data/www/vendor/yiisoft/yii2/BaseYii.php(344): yii\di\Container->get('yii\\gii\\Module', Array, Array)
#4 /home/worker/data/www/vendor/yiisoft/yii2/base/Module.php(353): yii\BaseYii::createObject(Array, Array)
#5 /home/worker/data/www/vendor/yiisoft/yii2/base/Application.php(304): yii\base\Module->getModule('gii')
#6 /home/worker/data/www/vendor/yiisoft/yii2/web/Application.php(63): yii\base\Application->bootstrap()
#7 /home/worker/data/www/vendor/yiisoft/yii2/base/Application.php(267): yii\web\Application->bootstrap()
#8 /home/worker/data/www/vendor/yiisoft/yii2/base/Object.php(107): yii\base\Application->init()
#9 /home/worker/data/www/vendor/yiisoft/yii2/base/Application.php(206): yii\base\Object->__construct(Array)
#10 /home/worker/data/www/moviefinder/public/index.php(15): yii\base\Application->__construct(Array)
#11 {main}
2016-04-28 17:16:02 [192.168.99.1][-][-][info][application] $_GET = [
    'r' => 'gii'
]

$_COOKIE = [
    '_csrf' => '5d8be5f809bd5f04392f809a7809ebca8cf8510e48f3be7cb562953a9754dae4a:2:{i:0;s:5:\"_csrf\";i:1;s:32:\"67aNm9DFihrW8szW3BxKGUIHydE1MynB\";}'
]

$_SERVER = [
    'environ' => 'newdev'
    'USER' => 'worker'
    'HOME' => '/home/worker'
    'FCGI_ROLE' => 'RESPONDER'
    'SCRIPT_FILENAME' => '/home/worker/data/www/moviefinder/public/index.php'
    'QUERY_STRING' => 'r=gii'
    'REQUEST_METHOD' => 'GET'
    'CONTENT_TYPE' => ''
    'CONTENT_LENGTH' => ''
    'SCRIPT_NAME' => '/index.php'
    'REQUEST_URI' => '/?r=gii'
    'DOCUMENT_URI' => '/index.php'
    'DOCUMENT_ROOT' => '/home/worker/data/www/moviefinder/public'
    'SERVER_PROTOCOL' => 'HTTP/1.1'
    'GATEWAY_INTERFACE' => 'CGI/1.1'
    'SERVER_SOFTWARE' => 'nginx/1.4.2'
    'REMOTE_ADDR' => '192.168.99.1'
    'REMOTE_PORT' => '56727'
    'SERVER_ADDR' => '172.17.0.2'
    'SERVER_PORT' => '80'
    'SERVER_NAME' => 'moviefinder.cc'
    'REDIRECT_STATUS' => '200'
    'LOG_ID' => 'ac135721d4d2078c5dd4'
    'APPLICATION_ENV' => 'development'
    'HTTP_HOST' => 'dev.moviefinder.cc'
    'HTTP_CONNECTION' => 'keep-alive'
    'HTTP_CACHE_CONTROL' => 'max-age=0'
    'HTTP_ACCEPT' => 'text/html,application/xhtml+xml,application/xml;q=0.9,image/webp,*/*;q=0.8'
    'HTTP_UPGRADE_INSECURE_REQUESTS' => '1'
    'HTTP_USER_AGENT' => 'Mozilla/5.0 (Macintosh; Intel Mac OS X 10_11_3) AppleWebKit/537.36 (KHTML, like Gecko) Chrome/47.0.2526.106 Safari/537.36'
    'HTTP_ACCEPT_ENCODING' => 'gzip, deflate, sdch'
    'HTTP_ACCEPT_LANGUAGE' => 'zh-CN,zh;q=0.8,en;q=0.6'
    'HTTP_COOKIE' => '_csrf=5d8be5f809bd5f04392f809a7809ebca8cf8510e48f3be7cb562953a9754dae4a%3A2%3A%7Bi%3A0%3Bs%3A5%3A%22_csrf%22%3Bi%3A1%3Bs%3A32%3A%2267aNm9DFihrW8szW3BxKGUIHydE1MynB%22%3B%7D'
    'PHP_SELF' => '/index.php'
    'REQUEST_TIME_FLOAT' => 1461834962.1299
    'REQUEST_TIME' => 1461834962
]
2016-04-28 17:16:05 [192.168.99.1][-][-][error][ReflectionException] exception 'ReflectionException' with message 'Class yii\gii\Module does not exist' in /home/worker/data/www/vendor/yiisoft/yii2/di/Container.php:417
Stack trace:
#0 /home/worker/data/www/vendor/yiisoft/yii2/di/Container.php(417): ReflectionClass->__construct('yii\\gii\\Module')
#1 /home/worker/data/www/vendor/yiisoft/yii2/di/Container.php(360): yii\di\Container->getDependencies('yii\\gii\\Module')
#2 /home/worker/data/www/vendor/yiisoft/yii2/di/Container.php(153): yii\di\Container->build('yii\\gii\\Module', Array, Array)
#3 /home/worker/data/www/vendor/yiisoft/yii2/BaseYii.php(344): yii\di\Container->get('yii\\gii\\Module', Array, Array)
#4 /home/worker/data/www/vendor/yiisoft/yii2/base/Module.php(353): yii\BaseYii::createObject(Array, Array)
#5 /home/worker/data/www/vendor/yiisoft/yii2/base/Application.php(304): yii\base\Module->getModule('gii')
#6 /home/worker/data/www/vendor/yiisoft/yii2/web/Application.php(63): yii\base\Application->bootstrap()
#7 /home/worker/data/www/vendor/yiisoft/yii2/base/Application.php(267): yii\web\Application->bootstrap()
#8 /home/worker/data/www/vendor/yiisoft/yii2/base/Object.php(107): yii\base\Application->init()
#9 /home/worker/data/www/vendor/yiisoft/yii2/base/Application.php(206): yii\base\Object->__construct(Array)
#10 /home/worker/data/www/moviefinder/public/index.php(15): yii\base\Application->__construct(Array)
#11 {main}
2016-04-28 17:16:05 [192.168.99.1][-][-][info][application] $_COOKIE = [
    '_csrf' => '5d8be5f809bd5f04392f809a7809ebca8cf8510e48f3be7cb562953a9754dae4a:2:{i:0;s:5:\"_csrf\";i:1;s:32:\"67aNm9DFihrW8szW3BxKGUIHydE1MynB\";}'
]

$_SERVER = [
    'environ' => 'newdev'
    'USER' => 'worker'
    'HOME' => '/home/worker'
    'FCGI_ROLE' => 'RESPONDER'
    'SCRIPT_FILENAME' => '/home/worker/data/www/moviefinder/public/index.php'
    'QUERY_STRING' => ''
    'REQUEST_METHOD' => 'GET'
    'CONTENT_TYPE' => ''
    'CONTENT_LENGTH' => ''
    'SCRIPT_NAME' => '/index.php'
    'REQUEST_URI' => '/'
    'DOCUMENT_URI' => '/index.php'
    'DOCUMENT_ROOT' => '/home/worker/data/www/moviefinder/public'
    'SERVER_PROTOCOL' => 'HTTP/1.1'
    'GATEWAY_INTERFACE' => 'CGI/1.1'
    'SERVER_SOFTWARE' => 'nginx/1.4.2'
    'REMOTE_ADDR' => '192.168.99.1'
    'REMOTE_PORT' => '56726'
    'SERVER_ADDR' => '172.17.0.2'
    'SERVER_PORT' => '80'
    'SERVER_NAME' => 'moviefinder.cc'
    'REDIRECT_STATUS' => '200'
    'LOG_ID' => 'ac135721d4d5078c5dd5'
    'APPLICATION_ENV' => 'development'
    'HTTP_HOST' => 'dev.moviefinder.cc'
    'HTTP_CONNECTION' => 'keep-alive'
    'HTTP_CACHE_CONTROL' => 'max-age=0'
    'HTTP_ACCEPT' => 'text/html,application/xhtml+xml,application/xml;q=0.9,image/webp,*/*;q=0.8'
    'HTTP_UPGRADE_INSECURE_REQUESTS' => '1'
    'HTTP_USER_AGENT' => 'Mozilla/5.0 (Macintosh; Intel Mac OS X 10_11_3) AppleWebKit/537.36 (KHTML, like Gecko) Chrome/47.0.2526.106 Safari/537.36'
    'HTTP_ACCEPT_ENCODING' => 'gzip, deflate, sdch'
    'HTTP_ACCEPT_LANGUAGE' => 'zh-CN,zh;q=0.8,en;q=0.6'
    'HTTP_COOKIE' => '_csrf=5d8be5f809bd5f04392f809a7809ebca8cf8510e48f3be7cb562953a9754dae4a%3A2%3A%7Bi%3A0%3Bs%3A5%3A%22_csrf%22%3Bi%3A1%3Bs%3A32%3A%2267aNm9DFihrW8szW3BxKGUIHydE1MynB%22%3B%7D'
    'PHP_SELF' => '/index.php'
    'REQUEST_TIME_FLOAT' => 1461834965.7931
    'REQUEST_TIME' => 1461834965
]
2016-04-28 17:16:09 [192.168.99.1][-][-][error][ReflectionException] exception 'ReflectionException' with message 'Class yii\gii\Module does not exist' in /home/worker/data/www/vendor/yiisoft/yii2/di/Container.php:417
Stack trace:
#0 /home/worker/data/www/vendor/yiisoft/yii2/di/Container.php(417): ReflectionClass->__construct('yii\\gii\\Module')
#1 /home/worker/data/www/vendor/yiisoft/yii2/di/Container.php(360): yii\di\Container->getDependencies('yii\\gii\\Module')
#2 /home/worker/data/www/vendor/yiisoft/yii2/di/Container.php(153): yii\di\Container->build('yii\\gii\\Module', Array, Array)
#3 /home/worker/data/www/vendor/yiisoft/yii2/BaseYii.php(344): yii\di\Container->get('yii\\gii\\Module', Array, Array)
#4 /home/worker/data/www/vendor/yiisoft/yii2/base/Module.php(353): yii\BaseYii::createObject(Array, Array)
#5 /home/worker/data/www/vendor/yiisoft/yii2/base/Application.php(304): yii\base\Module->getModule('gii')
#6 /home/worker/data/www/vendor/yiisoft/yii2/web/Application.php(63): yii\base\Application->bootstrap()
#7 /home/worker/data/www/vendor/yiisoft/yii2/base/Application.php(267): yii\web\Application->bootstrap()
#8 /home/worker/data/www/vendor/yiisoft/yii2/base/Object.php(107): yii\base\Application->init()
#9 /home/worker/data/www/vendor/yiisoft/yii2/base/Application.php(206): yii\base\Object->__construct(Array)
#10 /home/worker/data/www/moviefinder/public/index.php(15): yii\base\Application->__construct(Array)
#11 {main}
2016-04-28 17:16:09 [192.168.99.1][-][-][info][application] $_COOKIE = [
    '_csrf' => '5d8be5f809bd5f04392f809a7809ebca8cf8510e48f3be7cb562953a9754dae4a:2:{i:0;s:5:\"_csrf\";i:1;s:32:\"67aNm9DFihrW8szW3BxKGUIHydE1MynB\";}'
]

$_SERVER = [
    'environ' => 'newdev'
    'USER' => 'worker'
    'HOME' => '/home/worker'
    'FCGI_ROLE' => 'RESPONDER'
    'SCRIPT_FILENAME' => '/home/worker/data/www/moviefinder/public/index.php'
    'QUERY_STRING' => ''
    'REQUEST_METHOD' => 'GET'
    'CONTENT_TYPE' => ''
    'CONTENT_LENGTH' => ''
    'SCRIPT_NAME' => '/index.php'
    'REQUEST_URI' => '/'
    'DOCUMENT_URI' => '/index.php'
    'DOCUMENT_ROOT' => '/home/worker/data/www/moviefinder/public'
    'SERVER_PROTOCOL' => 'HTTP/1.1'
    'GATEWAY_INTERFACE' => 'CGI/1.1'
    'SERVER_SOFTWARE' => 'nginx/1.4.2'
    'REMOTE_ADDR' => '192.168.99.1'
    'REMOTE_PORT' => '56725'
    'SERVER_ADDR' => '172.17.0.2'
    'SERVER_PORT' => '80'
    'SERVER_NAME' => 'moviefinder.cc'
    'REDIRECT_STATUS' => '200'
    'LOG_ID' => 'ac135721d4d9078c5dd6'
    'APPLICATION_ENV' => 'development'
    'HTTP_HOST' => 'dev.moviefinder.cc'
    'HTTP_CONNECTION' => 'keep-alive'
    'HTTP_CACHE_CONTROL' => 'max-age=0'
    'HTTP_ACCEPT' => 'text/html,application/xhtml+xml,application/xml;q=0.9,image/webp,*/*;q=0.8'
    'HTTP_UPGRADE_INSECURE_REQUESTS' => '1'
    'HTTP_USER_AGENT' => 'Mozilla/5.0 (Macintosh; Intel Mac OS X 10_11_3) AppleWebKit/537.36 (KHTML, like Gecko) Chrome/47.0.2526.106 Safari/537.36'
    'HTTP_ACCEPT_ENCODING' => 'gzip, deflate, sdch'
    'HTTP_ACCEPT_LANGUAGE' => 'zh-CN,zh;q=0.8,en;q=0.6'
    'HTTP_COOKIE' => '_csrf=5d8be5f809bd5f04392f809a7809ebca8cf8510e48f3be7cb562953a9754dae4a%3A2%3A%7Bi%3A0%3Bs%3A5%3A%22_csrf%22%3Bi%3A1%3Bs%3A32%3A%2267aNm9DFihrW8szW3BxKGUIHydE1MynB%22%3B%7D'
    'PHP_SELF' => '/index.php'
    'REQUEST_TIME_FLOAT' => 1461834969.0504
    'REQUEST_TIME' => 1461834969
]
2016-04-28 17:19:11 [192.168.99.1][-][-][error][ReflectionException] exception 'ReflectionException' with message 'Class yii\gii\Module does not exist' in /home/worker/data/www/vendor/yiisoft/yii2/di/Container.php:417
Stack trace:
#0 /home/worker/data/www/vendor/yiisoft/yii2/di/Container.php(417): ReflectionClass->__construct('yii\\gii\\Module')
#1 /home/worker/data/www/vendor/yiisoft/yii2/di/Container.php(360): yii\di\Container->getDependencies('yii\\gii\\Module')
#2 /home/worker/data/www/vendor/yiisoft/yii2/di/Container.php(153): yii\di\Container->build('yii\\gii\\Module', Array, Array)
#3 /home/worker/data/www/vendor/yiisoft/yii2/BaseYii.php(344): yii\di\Container->get('yii\\gii\\Module', Array, Array)
#4 /home/worker/data/www/vendor/yiisoft/yii2/base/Module.php(353): yii\BaseYii::createObject(Array, Array)
#5 /home/worker/data/www/vendor/yiisoft/yii2/base/Application.php(304): yii\base\Module->getModule('gii')
#6 /home/worker/data/www/vendor/yiisoft/yii2/web/Application.php(63): yii\base\Application->bootstrap()
#7 /home/worker/data/www/vendor/yiisoft/yii2/base/Application.php(267): yii\web\Application->bootstrap()
#8 /home/worker/data/www/vendor/yiisoft/yii2/base/Object.php(107): yii\base\Application->init()
#9 /home/worker/data/www/vendor/yiisoft/yii2/base/Application.php(206): yii\base\Object->__construct(Array)
#10 /home/worker/data/www/moviefinder/public/index.php(15): yii\base\Application->__construct(Array)
#11 {main}
2016-04-28 17:19:11 [192.168.99.1][-][-][info][application] $_COOKIE = [
    '_csrf' => '5d8be5f809bd5f04392f809a7809ebca8cf8510e48f3be7cb562953a9754dae4a:2:{i:0;s:5:\"_csrf\";i:1;s:32:\"67aNm9DFihrW8szW3BxKGUIHydE1MynB\";}'
]

$_SERVER = [
    'environ' => 'newdev'
    'USER' => 'worker'
    'HOME' => '/home/worker'
    'FCGI_ROLE' => 'RESPONDER'
    'SCRIPT_FILENAME' => '/home/worker/data/www/moviefinder/public/index.php'
    'QUERY_STRING' => ''
    'REQUEST_METHOD' => 'GET'
    'CONTENT_TYPE' => ''
    'CONTENT_LENGTH' => ''
    'SCRIPT_NAME' => '/index.php'
    'REQUEST_URI' => '/'
    'DOCUMENT_URI' => '/index.php'
    'DOCUMENT_ROOT' => '/home/worker/data/www/moviefinder/public'
    'SERVER_PROTOCOL' => 'HTTP/1.1'
    'GATEWAY_INTERFACE' => 'CGI/1.1'
    'SERVER_SOFTWARE' => 'nginx/1.4.2'
    'REMOTE_ADDR' => '192.168.99.1'
    'REMOTE_PORT' => '56761'
    'SERVER_ADDR' => '172.17.0.2'
    'SERVER_PORT' => '80'
    'SERVER_NAME' => 'moviefinder.cc'
    'REDIRECT_STATUS' => '200'
    'LOG_ID' => 'ac135721d58f078c5dd7'
    'APPLICATION_ENV' => 'development'
    'HTTP_HOST' => 'dev.moviefinder.cc'
    'HTTP_CONNECTION' => 'keep-alive'
    'HTTP_CACHE_CONTROL' => 'max-age=0'
    'HTTP_ACCEPT' => 'text/html,application/xhtml+xml,application/xml;q=0.9,image/webp,*/*;q=0.8'
    'HTTP_UPGRADE_INSECURE_REQUESTS' => '1'
    'HTTP_USER_AGENT' => 'Mozilla/5.0 (Macintosh; Intel Mac OS X 10_11_3) AppleWebKit/537.36 (KHTML, like Gecko) Chrome/47.0.2526.106 Safari/537.36'
    'HTTP_ACCEPT_ENCODING' => 'gzip, deflate, sdch'
    'HTTP_ACCEPT_LANGUAGE' => 'zh-CN,zh;q=0.8,en;q=0.6'
    'HTTP_COOKIE' => '_csrf=5d8be5f809bd5f04392f809a7809ebca8cf8510e48f3be7cb562953a9754dae4a%3A2%3A%7Bi%3A0%3Bs%3A5%3A%22_csrf%22%3Bi%3A1%3Bs%3A32%3A%2267aNm9DFihrW8szW3BxKGUIHydE1MynB%22%3B%7D'
    'PHP_SELF' => '/index.php'
    'REQUEST_TIME_FLOAT' => 1461835151.5006
    'REQUEST_TIME' => 1461835151
]
2016-04-28 17:19:13 [192.168.99.1][-][-][error][ReflectionException] exception 'ReflectionException' with message 'Class yii\gii\Module does not exist' in /home/worker/data/www/vendor/yiisoft/yii2/di/Container.php:417
Stack trace:
#0 /home/worker/data/www/vendor/yiisoft/yii2/di/Container.php(417): ReflectionClass->__construct('yii\\gii\\Module')
#1 /home/worker/data/www/vendor/yiisoft/yii2/di/Container.php(360): yii\di\Container->getDependencies('yii\\gii\\Module')
#2 /home/worker/data/www/vendor/yiisoft/yii2/di/Container.php(153): yii\di\Container->build('yii\\gii\\Module', Array, Array)
#3 /home/worker/data/www/vendor/yiisoft/yii2/BaseYii.php(344): yii\di\Container->get('yii\\gii\\Module', Array, Array)
#4 /home/worker/data/www/vendor/yiisoft/yii2/base/Module.php(353): yii\BaseYii::createObject(Array, Array)
#5 /home/worker/data/www/vendor/yiisoft/yii2/base/Application.php(304): yii\base\Module->getModule('gii')
#6 /home/worker/data/www/vendor/yiisoft/yii2/web/Application.php(63): yii\base\Application->bootstrap()
#7 /home/worker/data/www/vendor/yiisoft/yii2/base/Application.php(267): yii\web\Application->bootstrap()
#8 /home/worker/data/www/vendor/yiisoft/yii2/base/Object.php(107): yii\base\Application->init()
#9 /home/worker/data/www/vendor/yiisoft/yii2/base/Application.php(206): yii\base\Object->__construct(Array)
#10 /home/worker/data/www/moviefinder/public/index.php(15): yii\base\Application->__construct(Array)
#11 {main}
2016-04-28 17:19:13 [192.168.99.1][-][-][info][application] $_COOKIE = [
    '_csrf' => '5d8be5f809bd5f04392f809a7809ebca8cf8510e48f3be7cb562953a9754dae4a:2:{i:0;s:5:\"_csrf\";i:1;s:32:\"67aNm9DFihrW8szW3BxKGUIHydE1MynB\";}'
]

$_SERVER = [
    'environ' => 'newdev'
    'USER' => 'worker'
    'HOME' => '/home/worker'
    'FCGI_ROLE' => 'RESPONDER'
    'SCRIPT_FILENAME' => '/home/worker/data/www/moviefinder/public/index.php'
    'QUERY_STRING' => ''
    'REQUEST_METHOD' => 'GET'
    'CONTENT_TYPE' => ''
    'CONTENT_LENGTH' => ''
    'SCRIPT_NAME' => '/index.php'
    'REQUEST_URI' => '/'
    'DOCUMENT_URI' => '/index.php'
    'DOCUMENT_ROOT' => '/home/worker/data/www/moviefinder/public'
    'SERVER_PROTOCOL' => 'HTTP/1.1'
    'GATEWAY_INTERFACE' => 'CGI/1.1'
    'SERVER_SOFTWARE' => 'nginx/1.4.2'
    'REMOTE_ADDR' => '192.168.99.1'
    'REMOTE_PORT' => '56768'
    'SERVER_ADDR' => '172.17.0.2'
    'SERVER_PORT' => '80'
    'SERVER_NAME' => 'moviefinder.cc'
    'REDIRECT_STATUS' => '200'
    'LOG_ID' => 'ac135721d591078c5dd8'
    'APPLICATION_ENV' => 'development'
    'HTTP_HOST' => 'dev.moviefinder.cc'
    'HTTP_CONNECTION' => 'keep-alive'
    'HTTP_CACHE_CONTROL' => 'max-age=0'
    'HTTP_ACCEPT' => 'text/html,application/xhtml+xml,application/xml;q=0.9,image/webp,*/*;q=0.8'
    'HTTP_UPGRADE_INSECURE_REQUESTS' => '1'
    'HTTP_USER_AGENT' => 'Mozilla/5.0 (Macintosh; Intel Mac OS X 10_11_3) AppleWebKit/537.36 (KHTML, like Gecko) Chrome/47.0.2526.106 Safari/537.36'
    'HTTP_ACCEPT_ENCODING' => 'gzip, deflate, sdch'
    'HTTP_ACCEPT_LANGUAGE' => 'zh-CN,zh;q=0.8,en;q=0.6'
    'HTTP_COOKIE' => '_csrf=5d8be5f809bd5f04392f809a7809ebca8cf8510e48f3be7cb562953a9754dae4a%3A2%3A%7Bi%3A0%3Bs%3A5%3A%22_csrf%22%3Bi%3A1%3Bs%3A32%3A%2267aNm9DFihrW8szW3BxKGUIHydE1MynB%22%3B%7D'
    'PHP_SELF' => '/index.php'
    'REQUEST_TIME_FLOAT' => 1461835153.0282
    'REQUEST_TIME' => 1461835153
]
